2026-06-17 10:38:25 INFO  test.GTCC_Admin_Test - ===== Test Execution Started =====
2026-06-17 10:38:44 INFO  test.GTCC_Admin_Test - Successful browser Lounch
2026-06-17 10:38:52 INFO  test.GTCC_Admin_Test - Close Browser
2026-06-17 17:16:45 INFO  test.Create_Module_Users_Admin - ===== Test Execution Started =====
2026-06-17 17:16:49 INFO  test.Create_Module_Users_Admin - Successful browser Lounch
2026-06-17 17:17:16 INFO  test.Create_Module_Users_Admin - Close Browser
2026-06-17 17:27:43 INFO  test.Create_Module_Users_Admin - ===== Test Execution Started =====
2026-06-17 17:27:45 INFO  test.Create_Module_Users_Admin - Successful browser Lounch
2026-06-17 17:27:53 INFO  test.Create_Module_Users_Admin - Close Browser
2026-06-17 17:29:22 INFO  test.Create_Module_Users_Admin - ===== Test Execution Started =====
2026-06-17 17:29:24 INFO  test.Create_Module_Users_Admin - Successful browser Lounch
2026-06-17 17:29:55 INFO  test.Create_Module_Users_Admin - Close Browser
2026-06-17 17:30:54 INFO  test.Create_Module_Users_Admin - ===== Test Execution Started =====
2026-06-17 17:30:56 INFO  test.Create_Module_Users_Admin - Successful browser Lounch
2026-06-17 17:31:27 INFO  test.Create_Module_Users_Admin - Close Browser
2026-06-17 17:45:01 INFO  test.Create_Module_Users_Admin - ===== Test Execution Started =====
2026-06-17 17:45:03 INFO  test.Create_Module_Users_Admin - Successful browser Lounch
2026-06-17 17:45:32 INFO  test.Create_Module_Users_Admin - Close Browser
2026-06-17 17:53:27 INFO  test.Create_Module_Users_Admin - ===== Test Execution Started =====
2026-06-17 17:53:29 INFO  test.Create_Module_Users_Admin - Successful browser Lounch
2026-06-17 17:53:38 INFO  test.Create_Module_Users_Admin - Close Browser
2026-06-17 17:54:51 INFO  test.Create_Module_Users_Admin - ===== Test Execution Started =====
2026-06-17 17:54:54 INFO  test.Create_Module_Users_Admin - Successful browser Lounch
2026-06-17 17:55:07 INFO  test.Create_Module_Users_Admin - Close Browser
2026-06-17 18:01:09 INFO  test.Create_Module_Users_Admin - ===== Test Execution Started =====
2026-06-17 18:01:11 INFO  test.Create_Module_Users_Admin - Successful browser Lounch
2026-06-17 18:01:23 INFO  test.Create_Module_Users_Admin - Close Browser
